2022-04-20 21:14:25,626 INFO o.a.j.u.JMeterUtils: Setting Locale to en_US
2022-04-20 21:14:25,650 INFO o.a.j.JMeter: Loading user properties from: C:\Users\user\Downloads\apache-jmeter-5.4.3\bin\user.properties
2022-04-20 21:14:25,651 INFO o.a.j.JMeter: Loading system properties from: C:\Users\user\Downloads\apache-jmeter-5.4.3\bin\system.properties
2022-04-20 21:14:25,662 INFO o.a.j.JMeter: Copyright (c) 1998-2021 The Apache Software Foundation
2022-04-20 21:14:25,662 INFO o.a.j.JMeter: Version 5.4.3
2022-04-20 21:14:25,662 INFO o.a.j.JMeter: java.version=1.8.0_181
2022-04-20 21:14:25,662 INFO o.a.j.JMeter: java.vm.name=Java HotSpot(TM) 64-Bit Server VM
2022-04-20 21:14:25,662 INFO o.a.j.JMeter: os.name=Windows 10
2022-04-20 21:14:25,662 INFO o.a.j.JMeter: os.arch=amd64
2022-04-20 21:14:25,662 INFO o.a.j.JMeter: os.version=10.0
2022-04-20 21:14:25,662 INFO o.a.j.JMeter: file.encoding=Cp1252
2022-04-20 21:14:25,662 INFO o.a.j.JMeter: java.awt.headless=null
2022-04-20 21:14:25,663 INFO o.a.j.JMeter: Max memory     =3791650816
2022-04-20 21:14:25,663 INFO o.a.j.JMeter: Available Processors =8
2022-04-20 21:14:25,670 INFO o.a.j.JMeter: Default Locale=English (United States)
2022-04-20 21:14:25,671 INFO o.a.j.JMeter: JMeter  Locale=English (United States)
2022-04-20 21:14:25,671 INFO o.a.j.JMeter: JMeterHome=C:\Users\user\Downloads\apache-jmeter-5.4.3
2022-04-20 21:14:25,671 INFO o.a.j.JMeter: user.dir  =C:\Users\user
2022-04-20 21:14:25,671 INFO o.a.j.JMeter: PWD       =C:\Users\user
2022-04-20 21:14:25,673 INFO o.a.j.JMeter: IP: 192.168.1.7 Name: DESKTOP-74ULC4S FullName: DESKTOP-74ULC4S
2022-04-20 21:14:25,763 INFO o.a.j.JMeter: Setting LAF to: com.github.weisj.darklaf.DarkLaf:com.github.weisj.darklaf.theme.DarculaTheme
2022-04-20 21:14:26,297 INFO o.a.j.JMeter: Loaded icon properties from org/apache/jmeter/images/icon.properties
2022-04-20 21:14:41,502 INFO o.a.j.g.a.t.TemplateManager: Reading templates from: C:\Users\user\Downloads\apache-jmeter-5.4.3\bin\templates\templates.xml
2022-04-20 21:14:51,315 INFO o.a.j.g.a.Load: Loading file: C:\Users\user\Downloads\apache-jmeter-5.4.3\bin\templates\build-webservice-test-plan.jmx
2022-04-20 21:14:51,453 INFO o.a.j.s.SaveService: Testplan (JMX) version: 2.2. Testlog (JTL) version: 2.2
2022-04-20 21:14:51,576 INFO o.a.j.s.SaveService: Using SaveService properties file encoding UTF-8
2022-04-20 21:14:51,577 INFO o.a.j.s.SaveService: Using SaveService properties version 5.0
2022-04-20 21:14:51,579 INFO o.a.j.s.SaveService: Loading file: C:\Users\user\Downloads\apache-jmeter-5.4.3\bin\templates\build-webservice-test-plan.jmx
2022-04-20 21:14:51,642 INFO o.a.j.p.h.s.HTTPSamplerBase: Parser for text/html is org.apache.jmeter.protocol.http.parser.LagartoBasedHtmlParser
2022-04-20 21:14:51,642 INFO o.a.j.p.h.s.HTTPSamplerBase: Parser for application/xhtml+xml is org.apache.jmeter.protocol.http.parser.LagartoBasedHtmlParser
2022-04-20 21:14:51,642 INFO o.a.j.p.h.s.HTTPSamplerBase: Parser for application/xml is org.apache.jmeter.protocol.http.parser.LagartoBasedHtmlParser
2022-04-20 21:14:51,643 INFO o.a.j.p.h.s.HTTPSamplerBase: Parser for text/xml is org.apache.jmeter.protocol.http.parser.LagartoBasedHtmlParser
2022-04-20 21:14:51,643 INFO o.a.j.p.h.s.HTTPSamplerBase: Parser for text/vnd.wap.wml is org.apache.jmeter.protocol.http.parser.RegexpHTMLParser
2022-04-20 21:14:51,643 INFO o.a.j.p.h.s.HTTPSamplerBase: Parser for text/css is org.apache.jmeter.protocol.http.parser.CssParser
2022-04-20 21:14:51,870 INFO o.a.j.s.SampleResult: Note: Sample TimeStamps are START times
2022-04-20 21:14:51,870 INFO o.a.j.s.SampleResult: sampleresult.default.encoding is set to ISO-8859-1
2022-04-20 21:14:51,870 INFO o.a.j.s.SampleResult: sampleresult.useNanoTime=true
2022-04-20 21:14:51,870 INFO o.a.j.s.SampleResult: sampleresult.nanoThreadSleep=5000
2022-04-20 21:31:06,228 INFO o.a.j.s.FileServer: Default base='C:\Users\user'
2022-04-20 21:31:06,230 INFO o.a.j.s.FileServer: Set new base='C:\Users\user\Downloads\apache-jmeter-5.4.3\bin\templates'
2022-04-20 21:36:10,521 INFO o.a.j.e.StandardJMeterEngine: Running the test!
2022-04-20 21:36:10,523 INFO o.a.j.s.SampleEvent: List of sample_variables: []
2022-04-20 21:36:10,523 INFO o.a.j.s.SampleEvent: List of sample_variables: []
2022-04-20 21:36:10,524 INFO o.a.j.e.u.CompoundVariable: Note: Function class names must contain the string: '.functions.'
2022-04-20 21:36:10,524 INFO o.a.j.e.u.CompoundVariable: Note: Function class names must not contain the string: '.gui.'
2022-04-20 21:36:10,811 INFO o.a.j.g.u.JMeterMenuBar: setRunning(true, *local*)
2022-04-20 21:36:10,975 INFO o.a.j.e.StandardJMeterEngine: Starting ThreadGroup: 1 : Number of Users
2022-04-20 21:36:10,976 INFO o.a.j.e.StandardJMeterEngine: Starting 5 threads for group Number of Users.
2022-04-20 21:36:10,976 INFO o.a.j.e.StandardJMeterEngine: Thread will continue on error
2022-04-20 21:36:10,976 INFO o.a.j.t.ThreadGroup: Starting thread group... number=1 threads=5 ramp-up=5 delayedStart=false
2022-04-20 21:36:10,982 INFO o.a.j.t.JMeterThread: Thread started: Number of Users 1-1
2022-04-20 21:36:10,985 INFO o.a.j.t.ThreadGroup: Started thread group number 1
2022-04-20 21:36:10,986 INFO o.a.j.e.StandardJMeterEngine: Starting ThreadGroup: 2 : Thread Group
2022-04-20 21:36:10,986 INFO o.a.j.e.StandardJMeterEngine: Starting 1 threads for group Thread Group.
2022-04-20 21:36:10,986 INFO o.a.j.e.StandardJMeterEngine: Thread will continue on error
2022-04-20 21:36:10,986 INFO o.a.j.t.ThreadGroup: Starting thread group... number=2 threads=1 ramp-up=1 delayedStart=false
2022-04-20 21:36:10,987 INFO o.a.j.t.ThreadGroup: Started thread group number 2
2022-04-20 21:36:10,987 INFO o.a.j.e.StandardJMeterEngine: All thread groups have been started
2022-04-20 21:36:10,987 INFO o.a.j.t.JMeterThread: Thread started: Thread Group 2-1
2022-04-20 21:36:10,997 INFO o.a.j.p.h.s.HTTPHCAbstractImpl: Local host = DESKTOP-74ULC4S
2022-04-20 21:36:11,004 INFO o.a.j.p.h.s.HTTPHC4Impl: HTTP request retry count = 0
2022-04-20 21:36:11,636 INFO o.a.j.t.JMeterThread: Thread is done: Thread Group 2-1
2022-04-20 21:36:11,636 INFO o.a.j.t.JMeterThread: Thread finished: Thread Group 2-1
2022-04-20 21:36:11,979 INFO o.a.j.t.JMeterThread: Thread started: Number of Users 1-2
2022-04-20 21:36:12,074 INFO o.a.j.t.JMeterThread: Thread is done: Number of Users 1-1
2022-04-20 21:36:12,074 INFO o.a.j.t.JMeterThread: Thread finished: Number of Users 1-1
2022-04-20 21:36:12,074 INFO o.a.j.t.JMeterThread: Thread is done: Number of Users 1-2
2022-04-20 21:36:12,074 INFO o.a.j.t.JMeterThread: Thread finished: Number of Users 1-2
2022-04-20 21:36:12,978 INFO o.a.j.t.JMeterThread: Thread started: Number of Users 1-3
2022-04-20 21:36:12,981 INFO o.a.j.t.JMeterThread: Thread is done: Number of Users 1-3
2022-04-20 21:36:12,981 INFO o.a.j.t.JMeterThread: Thread finished: Number of Users 1-3
2022-04-20 21:36:14,406 INFO o.a.j.t.JMeterThread: Thread started: Number of Users 1-4
2022-04-20 21:36:14,410 INFO o.a.j.t.JMeterThread: Thread is done: Number of Users 1-4
2022-04-20 21:36:14,410 INFO o.a.j.t.JMeterThread: Thread finished: Number of Users 1-4
2022-04-20 21:36:14,978 INFO o.a.j.t.JMeterThread: Thread started: Number of Users 1-5
2022-04-20 21:36:14,980 INFO o.a.j.t.JMeterThread: Thread is done: Number of Users 1-5
2022-04-20 21:36:14,980 INFO o.a.j.t.JMeterThread: Thread finished: Number of Users 1-5
2022-04-20 21:36:14,980 INFO o.a.j.e.StandardJMeterEngine: Notifying test listeners of end of test
2022-04-20 21:36:14,981 INFO o.a.j.g.u.JMeterMenuBar: setRunning(false, *local*)
2022-04-20 21:39:43,327 INFO o.a.j.e.StandardJMeterEngine: Running the test!
2022-04-20 21:39:43,327 INFO o.a.j.s.SampleEvent: List of sample_variables: []
2022-04-20 21:39:43,329 INFO o.a.j.g.u.JMeterMenuBar: setRunning(true, *local*)
2022-04-20 21:39:43,511 INFO o.a.j.e.StandardJMeterEngine: Starting ThreadGroup: 1 : Number of Users
2022-04-20 21:39:43,512 INFO o.a.j.e.StandardJMeterEngine: Starting 5 threads for group Number of Users.
2022-04-20 21:39:43,512 INFO o.a.j.e.StandardJMeterEngine: Thread will continue on error
2022-04-20 21:39:43,512 INFO o.a.j.t.ThreadGroup: Starting thread group... number=1 threads=5 ramp-up=5 delayedStart=false
2022-04-20 21:39:43,513 INFO o.a.j.t.JMeterThread: Thread started: Number of Users 1-1
2022-04-20 21:39:43,514 INFO o.a.j.t.ThreadGroup: Started thread group number 1
2022-04-20 21:39:43,514 INFO o.a.j.e.StandardJMeterEngine: Starting ThreadGroup: 2 : Thread Group
2022-04-20 21:39:43,514 INFO o.a.j.e.StandardJMeterEngine: Starting 1 threads for group Thread Group.
2022-04-20 21:39:43,514 INFO o.a.j.e.StandardJMeterEngine: Thread will continue on error
2022-04-20 21:39:43,514 INFO o.a.j.t.ThreadGroup: Starting thread group... number=2 threads=1 ramp-up=1 delayedStart=false
2022-04-20 21:39:43,515 INFO o.a.j.t.ThreadGroup: Started thread group number 2
2022-04-20 21:39:43,515 INFO o.a.j.e.StandardJMeterEngine: All thread groups have been started
2022-04-20 21:39:43,515 INFO o.a.j.t.JMeterThread: Thread started: Thread Group 2-1
2022-04-20 21:39:44,041 INFO o.a.j.t.JMeterThread: Thread is done: Thread Group 2-1
2022-04-20 21:39:44,041 INFO o.a.j.t.JMeterThread: Thread finished: Thread Group 2-1
2022-04-20 21:39:44,143 INFO o.a.j.t.JMeterThread: Thread is done: Number of Users 1-1
2022-04-20 21:39:44,143 INFO o.a.j.t.JMeterThread: Thread finished: Number of Users 1-1
2022-04-20 21:39:44,518 INFO o.a.j.t.JMeterThread: Thread started: Number of Users 1-2
2022-04-20 21:39:44,521 INFO o.a.j.t.JMeterThread: Thread is done: Number of Users 1-2
2022-04-20 21:39:44,521 INFO o.a.j.t.JMeterThread: Thread finished: Number of Users 1-2
2022-04-20 21:39:45,513 INFO o.a.j.t.JMeterThread: Thread started: Number of Users 1-3
2022-04-20 21:39:45,516 INFO o.a.j.t.JMeterThread: Thread is done: Number of Users 1-3
2022-04-20 21:39:45,516 INFO o.a.j.t.JMeterThread: Thread finished: Number of Users 1-3
2022-04-20 21:39:46,513 INFO o.a.j.t.JMeterThread: Thread started: Number of Users 1-4
2022-04-20 21:39:46,517 INFO o.a.j.t.JMeterThread: Thread is done: Number of Users 1-4
2022-04-20 21:39:46,517 INFO o.a.j.t.JMeterThread: Thread finished: Number of Users 1-4
2022-04-20 21:39:47,513 INFO o.a.j.t.JMeterThread: Thread started: Number of Users 1-5
2022-04-20 21:39:47,517 INFO o.a.j.t.JMeterThread: Thread is done: Number of Users 1-5
2022-04-20 21:39:47,517 INFO o.a.j.t.JMeterThread: Thread finished: Number of Users 1-5
2022-04-20 21:39:47,517 INFO o.a.j.e.StandardJMeterEngine: Notifying test listeners of end of test
2022-04-20 21:39:47,517 INFO o.a.j.g.u.JMeterMenuBar: setRunning(false, *local*)
